<?xml version="1.0" encoding="UTF-8"?>
<testResults>
  <testSuite>Regression Test Suite</testSuite>
  <executionDate>2024-01-15</executionDate>
  <environment>QA</environment>
  <tests>
    <test>
      <testName>Login_Valid_Credentials</testName>
      <status>PASSED</status>
      <duration>1.2</duration>
      <category>Authentication</category>
      <priority>High</priority>
    </test>
    <test>
      <testName>Login_Invalid_Password</testName>
      <status>PASSED</status>
      <duration>0.8</duration>
      <category>Authentication</category>
      <priority>High</priority>
    </test>
    <test>
      <testName>Login_Empty_Fields</testName>
      <status>FAILED</status>
      <duration>0.5</duration>
      <category>Authentication</category>
      <priority>High</priority>
      <errorMessage>Validation error: Username and password required</errorMessage>
    </test>
    <test>
      <testName>Search_By_Name</testName>
      <status>FAILED</status>
      <duration>3.5</duration>
      <category>Search</category>
      <priority>Medium</priority>
      <errorMessage>Element not found: search_results_container</errorMessage>
    </test>
    <test>
      <testName>Search_By_ID</testName>
      <status>PASSED</status>
      <duration>2.1</duration>
      <category>Search</category>
      <priority>Medium</priority>
    </test>
    <test>
      <testName>Search_By_Category</testName>
      <status>PASSED</status>
      <duration>1.8</duration>
      <category>Search</category>
      <priority>Low</priority>
    </test>
    <test>
      <testName>Checkout_Process</testName>
      <status>FAILED</status>
      <duration>5.2</duration>
      <category>E2E</category>
      <priority>Critical</priority>
      <errorMessage>Timeout waiting for payment gateway response</errorMessage>
    </test>
    <test>
      <testName>Add_To_Cart</testName>
      <status>PASSED</status>
      <duration>1.5</duration>
      <category>Shopping</category>
      <priority>High</priority>
    </test>
    <test>
      <testName>Remove_From_Cart</testName>
      <status>PASSED</status>
      <duration>1.3</duration>
      <category>Shopping</category>
      <priority>Medium</priority>
    </test>
    <test>
      <testName>Update_Quantity</testName>
      <status>FAILED</status>
      <duration>2.1</duration>
      <category>Shopping</category>
      <priority>Medium</priority>
      <errorMessage>Quantity update failed: Invalid quantity value</errorMessage>
    </test>
    <test>
      <testName>User_Registration</testName>
      <status>PASSED</status>
      <duration>3.2</duration>
      <category>Authentication</category>
      <priority>Critical</priority>
    </test>
    <test>
      <testName>Password_Reset</testName>
      <status>PASSED</status>
      <duration>2.5</duration>
      <category>Authentication</category>
      <priority>High</priority>
    </test>
    <test>
      <testName>Product_Filter</testName>
      <status>PASSED</status>
      <duration>1.9</duration>
      <category>Search</category>
      <priority>Low</priority>
    </test>
    <test>
      <testName>Payment_Processing</testName>
      <status>FAILED</status>
      <duration>4.5</duration>
      <category>E2E</category>
      <priority>Critical</priority>
      <errorMessage>Payment gateway returned error code 503</errorMessage>
    </test>
    <test>
      <testName>Order_Confirmation</testName>
      <status>PASSED</status>
      <duration>2.3</duration>
      <category>E2E</category>
      <priority>Critical</priority>
    </test>
  </tests>
</testResults>